727 15.0131981373
Maximum depth searched: 5
(1, -1, 0): 62.67% (47 / 75)
(0, -1, 1): 50.00% (22 / 44)
(1, 0, -1): 50.00% (22 / 44)
(1, 1, -2): 50.00% (22 / 44)
(-2, 2, 0): 48.78% (20 / 41)
(-2, 0, 2): 47.50% (19 / 40)
(1, -2, 1): 47.50% (19 / 40)
(0, 0, 0): 47.50% (19 / 40)
(2, -2, 0): 45.95% (17 / 37)
(0, 2, -2): 45.95% (17 / 37)
(-2, 1, 1): 44.44% (16 / 36)
(0, -2, 2): 42.86% (15 / 35)
(-1, -1, 2): 42.42% (14 / 33)
(-1, 1, 0): 42.42% (14 / 33)
(-1, 0, 1): 40.62% (13 / 32)
(0, 1, -1): 40.62% (13 / 32)
(2, 0, -2): 37.93% (11 / 29)
(2, -1, -1): 35.71% (10 / 28)
(-1, 2, -1): 33.33% (9 / 27)
  . . . 
 . . . . 
. . . X . 
 . . . . 
  . . . 
(1, -1, 0)
754 15.0039598942
Maximum depth searched: 4
(1, -2, 1);(0, -1, 1): 66.67% (22 / 33)
(0, -1, 1);(1, -2, 1): 66.67% (22 / 33)
(-2, 0, 2): 65.62% (21 / 32)
(2, -1, -1);(1, 0, -1): 65.62% (21 / 32)
(1, 0, -1);(2, -1, -1): 65.62% (21 / 32)
(0, -1, 1);(0, -2, 2): 62.07% (18 / 29)
(0, -1, 1);(1, -1, 0): 62.07% (18 / 29)
(2, -1, -1);(2, 0, -2): 62.07% (18 / 29)
(1, 0, -1);(1, 1, -2): 59.26% (16 / 27)
(-1, 1, 0): 57.69% (15 / 26)
(1, 0, -1);(0, 1, -1): 57.69% (15 / 26)
(0, -1, 1);(0, 0, 0): 56.00% (14 / 25)
(0, 0, 0);(0, -1, 1): 56.00% (14 / 25)
(0, 0, 0);(0, 1, -1): 56.00% (14 / 25)
(0, -2, 2): 54.17% (13 / 24)
(1, -2, 1);(1, -1, 0): 52.17% (12 / 23)
(0, 0, 0);(1, 0, -1): 52.17% (12 / 23)
(1, 0, -1);(0, 0, 0): 52.17% (12 / 23)
(0, 0, 0);(-1, 1, 0): 50.00% (11 / 22)
(0, 0, 0);(-1, 0, 1): 50.00% (11 / 22)
(1, 0, -1);(1, -1, 0): 50.00% (11 / 22)
(2, -2, 0);(1, -1, 0): 50.00% (10 / 20)
(-1, 2, -1): 50.00% (10 / 20)
(0, -1, 1);(-1, 0, 1): 47.37% (9 / 19)
(0, 1, -1): 47.37% (9 / 19)
(-1, -1, 2): 44.44% (8 / 18)
(0, 0, 0);(1, -1, 0): 44.44% (8 / 18)
(-2, 2, 0): 44.44% (8 / 18)
(1, 0, -1);(2, 0, -2): 44.44% (8 / 18)
(1, -2, 1);(2, -2, 0): 41.18% (7 / 17)
(2, -2, 0);(1, -2, 1): 41.18% (7 / 17)
(2, -2, 0);(2, -1, -1): 41.18% (7 / 17)
(2, -1, -1);(2, -2, 0): 41.18% (7 / 17)
(2, 0, -2): 41.18% (7 / 17)
(0, 2, -2): 41.18% (7 / 17)
(0, -1, 1);(-1, -1, 2): 37.50% (6 / 16)
(2, -1, -1);(1, -1, 0): 37.50% (6 / 16)
(1, 1, -2): 37.50% (6 / 16)
(-2, 1, 1): 30.77% (4 / 13)
(1, -2, 1);(0, -2, 2): 28.57% (4 / 14)
(-1, 0, 1): 25.00% (3 / 12)
  . . . 
 . . . . 
. . . . . 
 . . O O 
  . . . 
(1, -2, 1);(0, -1, 1)
915 15.0138800144
Maximum depth searched: 5
(-1, -1, 2): 56.67% (51 / 90)
(-2, 2, 0): 56.67% (51 / 90)
(-1, 0, 1): 53.25% (41 / 77)
(0, 1, -1): 51.43% (36 / 70)
(1, 0, -1): 48.44% (31 / 64)
(0, 2, -2): 46.15% (24 / 52)
(0, -2, 2): 45.45% (25 / 55)
(2, -2, 0): 41.30% (19 / 46)
(-2, 0, 2): 40.00% (18 / 45)
(1, -1, 0): 40.00% (18 / 45)
(-1, 2, -1): 40.00% (18 / 45)
(2, 0, -2): 40.00% (18 / 45)
(1, 1, -2): 40.00% (18 / 45)
(0, 0, 0): 38.10% (16 / 42)
(2, -1, -1): 35.90% (14 / 39)
(-2, 1, 1): 35.14% (13 / 37)
(-1, 1, 0): 25.00% (7 / 28)
  . . . 
 . . . . 
. . . . . 
 . . O O 
  . X . 
(-1, -1, 2)
949 15.0048820972
Maximum depth searched: 5
(2, -1, -1): 54.39% (62 / 114)
(0, 2, -2): 53.33% (56 / 105)
(-2, 2, 0): 52.48% (53 / 101)
(-1, 1, 0): 51.06% (48 / 94)
(1, 1, -2): 50.00% (46 / 92)
(-2, 0, 2);(-2, 1, 1): 49.43% (43 / 87)
(-1, 2, -1): 48.81% (41 / 84)
(2, 0, -2): 48.81% (41 / 84)
(0, 1, -1): 47.44% (37 / 78)
(-2, 1, 1): 40.35% (23 / 57)
(1, 0, -1): 37.74% (20 / 53)
  . . . 
 . . . O 
. . . . . 
 . . O O 
  . X . 
(2, -1, -1)
944 15.0000419617
Maximum depth searched: 5
(-1, 0, 1);(-1, 1, 0): 79.07% (34 / 43)
(-2, 0, 2);(-1, 0, 1): 70.00% (21 / 30)
(-1, 0, 1);(-2, 0, 2): 70.00% (21 / 30)
(1, 0, -1);(1, -1, 0);(2, -1, -1): 68.97% (20 / 29)
(0, 1, -1): 68.97% (20 / 29)
(-1, 0, 1);(0, -1, 1): 64.29% (18 / 28)
(0, -2, 2);(0, -1, 1): 62.96% (17 / 27)
(-1, 0, 1);(-2, 1, 1): 62.96% (17 / 27)
(1, 0, -1);(0, 0, 0);(-1, 1, 0): 62.96% (17 / 27)
(2, -2, 0);(2, -1, -1);(1, 0, -1): 61.54% (16 / 26)
(1, -1, 0);(2, -1, -1);(1, 0, -1): 59.09% (13 / 22)
(1, -1, 0);(1, 0, -1);(2, -1, -1): 59.09% (13 / 22)
(1, -1, 0);(0, 0, 0);(1, 0, -1): 58.33% (14 / 24)
(1, -1, 0);(1, 0, -1);(0, 0, 0): 58.33% (14 / 24)
(1, 0, -1);(0, 0, 0);(1, -1, 0): 58.33% (14 / 24)
(1, 0, -1);(0, 0, 0);(0, 1, -1): 58.33% (14 / 24)
(1, 0, -1);(1, -1, 0);(0, 0, 0): 58.33% (14 / 24)
(1, 0, -1);(1, 1, -2): 56.52% (13 / 23)
(2, 0, -2);(1, 1, -2): 56.52% (13 / 23)
(2, -2, 0);(1, -1, 0);(1, 0, -1): 54.55% (12 / 22)
(2, -2, 0);(2, -1, -1);(1, -2, 1): 54.55% (12 / 22)
(1, 0, -1);(0, 0, 0);(1, 1, -2): 54.55% (12 / 22)
(1, 0, -1);(1, -1, 0);(2, -2, 0): 54.55% (12 / 22)
(0, -2, 2);(-1, 0, 1): 50.00% (9 / 18)
(-1, 0, 1);(0, -2, 2): 50.00% (9 / 18)
(2, -2, 0);(1, -1, 0);(1, -2, 1): 50.00% (9 / 18)
(1, -1, 0);(0, 0, 0);(-1, 1, 0): 50.00% (9 / 18)
(1, -1, 0);(2, -2, 0);(1, -2, 1): 50.00% (9 / 18)
(1, -1, 0);(2, -1, -1);(2, 0, -2): 50.00% (9 / 18)
(1, 0, -1);(0, 1, -1): 50.00% (9 / 18)
(1, 0, -1);(2, 0, -2): 50.00% (9 / 18)
(2, 0, -2);(1, 0, -1): 50.00% (9 / 18)
(2, 0, -2);(2, -1, -1): 50.00% (9 / 18)
(1, 1, -2): 50.00% (9 / 18)
(1, -1, 0);(0, 0, 0);(0, 1, -1): 47.06% (8 / 17)
(1, -1, 0);(1, 0, -1);(0, 1, -1): 47.06% (8 / 17)
(1, 0, -1);(1, -1, 0);(0, 1, -1): 47.06% (8 / 17)
(2, -2, 0);(2, -1, -1);(2, 0, -2): 43.75% (7 / 16)
(1, -1, 0);(2, -1, -1);(1, -2, 1): 43.75% (7 / 16)
(1, 0, -1);(0, 0, 0);(2, 0, -2): 43.75% (7 / 16)
(-2, 0, 2);(0, -1, 1): 40.00% (6 / 15)
(-2, 0, 2);(-2, 1, 1): 40.00% (6 / 15)
(1, -1, 0);(1, 0, -1);(1, -2, 1): 40.00% (6 / 15)
(0, 0, 0): 40.00% (6 / 15)
(1, 0, -1);(1, -1, 0);(1, -2, 1): 40.00% (6 / 15)
(-1, 0, 1);(0, 0, 0): 35.71% (5 / 14)
(-2, 1, 1): 35.71% (5 / 14)
(1, -1, 0);(0, 0, 0);(1, -2, 1): 35.71% (5 / 14)
(1, -1, 0);(0, 0, 0);(2, -2, 0): 35.71% (5 / 14)
(1, -1, 0);(2, -2, 0);(0, 0, 0): 35.71% (5 / 14)
(2, -2, 0);(1, -1, 0);(2, -1, -1): 33.33% (7 / 21)
(2, -2, 0);(2, -1, -1);(1, -1, 0): 33.33% (7 / 21)
(1, -1, 0);(2, -2, 0);(2, -1, -1): 33.33% (7 / 21)
(1, -1, 0);(2, -1, -1);(2, -2, 0): 33.33% (7 / 21)
(2, -2, 0);(1, -1, 0);(0, 0, 0): 30.77% (4 / 13)
(1, -1, 0);(1, 0, -1);(2, 0, -2): 30.77% (4 / 13)
(1, 0, -1);(0, 0, 0);(2, -1, -1): 30.77% (4 / 13)
(1, 0, -1);(1, -1, 0);(2, 0, -2): 30.77% (4 / 13)
(0, 2, -2): 30.77% (4 / 13)
(1, -1, 0);(0, 0, 0);(2, -1, -1): 25.00% (4 / 16)
(1, -1, 0);(2, -1, -1);(0, 0, 0): 25.00% (4 / 16)
(-1, 1, 0): 20.00% (2 / 10)
(1, 0, -1);(2, -1, -1): 20.00% (2 / 10)
(-1, 2, -1): 20.00% (2 / 10)
(0, -2, 2);(-2, 0, 2): 16.67% (2 / 12)
(-2, 0, 2);(0, -2, 2): 16.67% (2 / 12)
(0, -2, 2);(1, -2, 1): 11.11% (1 / 9)
(1, -1, 0);(1, 0, -1);(1, 1, -2): 11.11% (1 / 9)
(-2, 2, 0): 11.11% (1 / 9)
(1, 0, -1);(1, -1, 0);(1, 1, -2): 11.11% (1 / 9)
(1, -1, 0);(2, -2, 0);(1, 0, -1): 0.00% (0 / 8)
(1, -1, 0);(1, 0, -1);(2, -2, 0): 0.00% (0 / 8)
  . . . 
 . . . O 
. X . . . 
 . X . . 
  . X . 
(-1, 0, 1);(-1, 1, 0)
1784 15.015278101
Maximum depth searched: 6
(1, 0, -1): 47.61% (169 / 355)
(1, -1, 0): 45.36% (132 / 291)
(0, 1, -1): 38.37% (66 / 172)
(0, -1, 1): 37.34% (59 / 158)
(0, 0, 0): 33.85% (44 / 130)
(0, -2, 2): 29.81% (31 / 104)
(-2, 2, 0): 27.47% (25 / 91)
(2, 0, -2): 22.22% (16 / 72)
(1, -2, 1): 20.00% (13 / 65)
(-2, 1, 1): 19.05% (12 / 63)
(0, 2, -2): 18.33% (11 / 60)
(-2, 0, 2): 17.24% (10 / 58)
(2, -2, 0): 16.07% (9 / 56)
(-1, 2, -1): 16.07% (9 / 56)
(1, 1, -2): 15.09% (8 / 53)
  . . . 
 . . O O 
. X . . . 
 . X . . 
  . X . 
(1, 0, -1)
2272 15.001098156
Maximum depth searched: 7
(0, 2, -2): 36.43% (188 / 516)
(1, -1, 0): 34.94% (152 / 435)
(1, -2, 1): 32.86% (116 / 353)
(1, 1, -2): 32.34% (108 / 334)
(2, 0, -2): 31.89% (103 / 323)
(2, -2, 0): 31.51% (98 / 311)
  X . . 
 . . O O 
. X . . . 
 . X . . 
  . X . 
(0, 2, -2)
2451 15.0082409382
Maximum depth searched: 7
(0, 1, -1);(-1, 2, -1): 90.65% (611 / 674)
(0, 1, -1);(1, -1, 0): 84.83% (302 / 356)
(0, 1, -1);(-1, 1, 0): 83.22% (253 / 304)
(0, 1, -1);(2, -2, 0): 80.42% (193 / 240)
(0, 1, -1);(2, 0, -2): 78.47% (164 / 209)
(0, 1, -1);(1, 1, -2): 72.34% (102 / 141)
(0, 1, -1);(0, 0, 0): 71.09% (91 / 128)
(-1, 2, -1);(-2, 2, 0): 48.98% (24 / 49)
(1, -1, 0): 47.83% (22 / 46)
(0, 0, 0): 42.50% (17 / 40)
(-1, 2, -1);(0, 2, -2): 42.11% (16 / 38)
(-2, 2, 0): 38.24% (13 / 34)
(2, 0, -2): 36.36% (12 / 33)
(-2, 0, 2): 35.48% (11 / 31)
(-2, 1, 1): 29.63% (8 / 27)
(2, -2, 0): 25.00% (6 / 24)
(1, 1, -2): 25.00% (6 / 24)
(0, -2, 2): 15.79% (3 / 19)
(0, -1, 1): 11.11% (2 / 18)
(1, -2, 1): 6.25% (1 / 16)
  X . . 
 O O O O 
. . . . . 
 . . . . 
  . . . 
(0, 1, -1);(-1, 2, -1)
3145 15.0023341179
Maximum depth searched: 7
(1, 1, -2): 23.08% (126 / 546)
(2, 0, -2): 19.44% (77 / 396)
(2, -2, 0): 13.56% (32 / 236)
(0, 0, 0): 13.30% (31 / 233)
(-1, 1, 0): 12.89% (29 / 225)
(1, -1, 0): 12.21% (26 / 213)
(-2, 2, 0): 9.55% (17 / 178)
(-2, 1, 1): 9.20% (16 / 174)
(1, -2, 1): 8.88% (15 / 169)
(-1, 0, 1): 8.48% (14 / 165)
(-2, 0, 2): 8.07% (13 / 161)
(0, -2, 2): 7.64% (12 / 157)
(-1, -1, 2): 6.76% (10 / 148)
(0, -1, 1): 6.25% (9 / 144)
  X X . 
 O O O O 
. . . . . 
 . . . . 
  . . . 
(1, 1, -2)
3196 15.0033090115
Maximum depth searched: 9
(-2, 0, 2): 80.23% (548 / 683)
(-1, 0, 1): 78.78% (453 / 575)
(0, -1, 1): 77.73% (398 / 512)
(-2, 1, 1): 76.32% (332 / 435)
(0, -2, 2): 74.06% (257 / 347)
(1, -2, 1): 74.00% (259 / 350)
(-1, -1, 2): 72.11% (212 / 294)
  X X . 
 O O O O 
. . . . . 
 . . . . 
  O . . 
(-2, 0, 2)
4423 15.0046930313
Maximum depth searched: 8
(-1, 1, 0): 29.84% (151 / 506)
(0, -1, 1): 27.65% (112 / 405)
(0, 0, 0): 27.41% (108 / 394)
(1, -1, 0): 26.15% (91 / 348)
(-1, 0, 1);(-1, 1, 0): 25.38% (83 / 327)
(-1, 0, 1);(0, 0, 0): 24.05% (70 / 291)
(1, -2, 1): 18.42% (35 / 190)
(-2, 1, 1);(-1, 1, 0): 17.68% (32 / 181)
(-1, -1, 2);(-1, 0, 1): 17.14% (30 / 175)
(-1, 0, 1);(-1, -1, 2): 17.14% (30 / 175)
(-2, 2, 0): 17.14% (30 / 175)
(-2, 1, 1);(-2, 2, 0): 16.57% (28 / 169)
(0, -2, 2): 15.29% (24 / 157)
(-1, -1, 2);(-2, 0, 2): 13.48% (19 / 141)
(-1, -1, 2);(0, -2, 2): 13.48% (19 / 141)
(-1, 0, 1);(0, -1, 1): 12.69% (17 / 134)
(-1, -1, 2);(0, -1, 1): 12.21% (16 / 131)
(-1, 0, 1);(-2, 0, 2): 11.81% (15 / 127)
(-2, 1, 1);(-2, 0, 2): 9.65% (11 / 114)
(2, -2, 0): 9.65% (11 / 114)
(-1, 0, 1);(-2, 1, 1): 7.77% (8 / 103)
(-2, 1, 1);(-1, 0, 1): 7.77% (8 / 103)
(2, 0, -2): 7.00% (7 / 100)
  X X . 
 O O O O 
. X . . . 
 . . . . 
  O . . 
(-1, 1, 0)
5213 15.0014350414
Maximum depth searched: 10
(0, -2, 2): 54.38% (1497 / 2753)
(1, -2, 1): 47.21% (356 / 754)
(0, -1, 1): 46.97% (341 / 726)
(-2, 1, 1): 40.81% (151 / 370)
(-1, -1, 2): 39.25% (126 / 321)
(-1, 0, 1): 38.06% (110 / 289)
  X X . 
 O O O O 
. X . . . 
 . . . . 
  O . O 
(0, -2, 2)
5366 15.0012230873
Maximum depth searched: 12
(1, -1, 0): 79.47% (3387 / 4262)
(1, -2, 1);(2, -2, 0): 30.95% (39 / 126)
(2, -2, 0): 27.62% (29 / 105)
(1, -2, 1);(1, -1, 0): 25.53% (24 / 94)
(-2, 2, 0): 21.79% (17 / 78)
(0, -1, 1);(1, -1, 0): 20.55% (15 / 73)
(1, -2, 1);(0, -1, 1): 19.72% (14 / 71)
(0, -1, 1);(1, -2, 1): 19.72% (14 / 71)
(0, 0, 0): 19.72% (14 / 71)
(0, -1, 1);(0, -2, 2): 17.19% (11 / 64)
(2, 0, -2): 17.19% (11 / 64)
(1, -2, 1);(0, -2, 2): 16.13% (10 / 62)
(0, -1, 1);(-1, -1, 2): 15.25% (9 / 59)
(-1, 0, 1): 12.96% (7 / 54)
(-1, -1, 2);(-2, 0, 2): 11.54% (6 / 52)
(-1, -1, 2);(0, -1, 1): 8.70% (4 / 46)
(-1, -1, 2);(0, -2, 2): 6.82% (3 / 44)
(-2, 1, 1): 4.88% (2 / 41)
  X X . 
 O O O O 
. X . X . 
 . . . . 
  O . O 
(1, -1, 0)
6880 15.0017061234
Maximum depth searched: 11
(-1, 0, 1): 16.95% (298 / 1758)
(0, -1, 1): 16.21% (247 / 1524)
(1, -2, 1): 15.74% (220 / 1398)
(-1, -1, 2): 14.34% (158 / 1102)
(-2, 1, 1): 14.30% (157 / 1098)
  X X . 
 O O O O 
. X . X . 
 . O . . 
  O . O 
(-1, 0, 1)
6837 15.0008001328
Maximum depth searched: 12
(0, 0, 0): 94.81% (5937 / 6262)
(-2, 2, 0);(-1, 0, 1): 71.15% (148 / 208)
(-2, 1, 1);(-1, 0, 1): 47.62% (30 / 63)
(-2, 1, 1);(-2, 2, 0): 47.62% (30 / 63)
(-2, 2, 0);(-2, 1, 1): 47.62% (30 / 63)
(2, -2, 0): 43.64% (24 / 55)
(-2, 1, 1);(-2, 0, 2): 25.00% (8 / 32)
(-1, -1, 2);(0, -2, 2);(-2, 0, 2): 23.33% (7 / 30)
(0, -1, 1);(2, -2, 0): 20.69% (6 / 29)
(2, 0, -2): 18.52% (5 / 27)
(0, -1, 1);(-1, -1, 2): 13.04% (3 / 23)
(0, -1, 1);(1, -2, 1): 13.04% (3 / 23)
(1, -2, 1): 9.09% (2 / 22)
  X X . 
 O O O O 
. X X X . 
 . O . . 
  O . O 
(0, 0, 0)
9704 15.000838995
Maximum depth searched: 11
(0, -1, 1): 6.82% (299 / 4382)
(1, -2, 1): 3.75% (75 / 2001)
(-2, 1, 1): 3.23% (58 / 1798)
(-1, -1, 2): 2.36% (36 / 1523)
  X X . 
 O O O O 
. X X X . 
 . O O . 
  O . O 
(0, -1, 1)
10601 15.0008049011
Maximum depth searched: 11
(-2, 2, 0);(2, -1, -1): 100.00% (5586 / 5586)
(2, -2, 0);(-2, 2, 0): 97.78% (2866 / 2931)
(-2, 2, 0);(2, -2, 0): 97.78% (2866 / 2931)
(-2, 2, 0);(1, -2, 1): 86.99% (468 / 538)
(2, -2, 0);(-2, 1, 1): 85.62% (393 / 459)
(2, -2, 0);(2, -1, -1): 84.63% (358 / 423)
(2, -2, 0);(1, -2, 1): 81.11% (249 / 307)
(-2, 2, 0);(-2, 1, 1): 80.28% (232 / 289)
(-1, -1, 2): 0.00% (0 / 17)
(1, -2, 1): 0.00% (0 / 17)
(-2, 1, 1): 0.00% (0 / 17)
(2, 0, -2): 0.00% (0 / 17)
  X X . 
 . . . X 
X X X X . 
 . O O . 
  O . O 
(-2, 2, 0);(2, -1, -1)
58303 15.0001008511
Maximum depth searched: 9
(1, -2, 1): 0.00% (0 / 7288)
(-2, 1, 1): 0.00% (0 / 7288)
(2, -2, 0): 0.00% (0 / 7288)
(1, 0, -1): 0.00% (0 / 7288)
(0, 1, -1): 0.00% (0 / 7288)
(-1, 2, -1): 0.00% (0 / 7288)
(2, 0, -2): 0.00% (0 / 7288)
(-1, -1, 2): 0.00% (0 / 7287)
  X X . 
 . . . X 
X X X X . 
 . O O O 
  O . O 
(1, -2, 1)
  X X . 
 . . . X 
X X X X . 
 . O O O 
  O X O 
(-1, -1, 2)
513771 15.0000011921
Maximum depth searched: 1
(1, 0, -1): 0.00% (0 / 128443)
(0, 1, -1): 0.00% (0 / 128443)
(2, 0, -2): 0.00% (0 / 128443)
(-1, 2, -1): 0.00% (0 / 128442)
  X X . 
 . . O X 
X X X X . 
 . O O O 
  O X O 
(1, 0, -1)
X:1 - O:0
752 15.0024960041
Maximum depth searched: 5
(0, 1, -1): 56.36% (31 / 55)
(1, -1, 0): 53.06% (26 / 49)
(1, 0, -1): 53.06% (26 / 49)
(0, -1, 1): 51.11% (23 / 45)
(0, -2, 2): 51.06% (24 / 47)
(0, 2, -2): 51.06% (24 / 47)
(-2, 1, 1): 48.84% (21 / 43)
(1, -2, 1): 48.78% (20 / 41)
(-1, 1, 0): 48.78% (20 / 41)
(1, 1, -2): 48.78% (20 / 41)
(-2, 2, 0): 47.50% (19 / 40)
(2, -1, -1): 45.95% (17 / 37)
(2, -2, 0): 42.86% (15 / 35)
(0, 0, 0): 42.86% (15 / 35)
(-1, -1, 2): 42.42% (14 / 33)
(2, 0, -2): 40.62% (13 / 32)
(-1, 0, 1): 37.93% (11 / 29)
(-2, 0, 2): 35.71% (10 / 28)
(-1, 2, -1): 32.00% (8 / 25)
  . . . 
 . X . . 
. . . . . 
 . . . . 
  . . . 
(0, 1, -1)
790 15.0071799755
Maximum depth searched: 5
(1, 0, -1);(0, 1, -1): 70.27% (26 / 37)
(1, -1, 0): 69.44% (25 / 36)
(-1, 2, -1);(0, 1, -1): 69.44% (25 / 36)
(2, -1, -1): 64.52% (20 / 31)
(1, 0, -1);(2, -1, -1): 64.52% (20 / 31)
(0, -1, 1): 63.33% (19 / 30)
(-2, 1, 1): 63.33% (19 / 30)
(-1, 1, 0);(-2, 1, 1): 60.71% (17 / 28)
(0, 0, 0);(-1, 0, 1): 60.00% (15 / 25)
(-1, 0, 1): 59.26% (16 / 27)
(0, 0, 0);(-1, 1, 0): 59.26% (16 / 27)
(-1, 1, 0);(-1, 0, 1): 59.26% (16 / 27)
(-1, 1, 0);(0, 0, 0): 59.26% (16 / 27)
(2, -2, 0): 56.52% (13 / 23)
(0, 0, 0);(1, 0, -1): 56.52% (13 / 23)
(1, 0, -1);(0, 0, 0): 56.52% (13 / 23)
(1, 1, -2);(0, 1, -1): 56.52% (13 / 23)
(1, 1, -2);(2, 0, -2): 56.52% (13 / 23)
(0, -2, 2): 54.55% (12 / 22)
(-2, 0, 2): 54.55% (12 / 22)
(1, 0, -1);(1, 1, -2): 54.55% (12 / 22)
(1, 1, -2);(1, 0, -1): 54.55% (12 / 22)
(-1, 1, 0);(-2, 2, 0): 52.38% (11 / 21)
(1, 0, -1);(1, -1, 0): 52.38% (11 / 21)
(1, 0, -1);(2, 0, -2): 52.38% (11 / 21)
(-1, 2, -1);(-2, 2, 0): 52.38% (11 / 21)
(-1, 1, 0);(0, 1, -1): 50.00% (10 / 20)
(0, 0, 0);(0, -1, 1): 41.18% (7 / 17)
(-1, 2, -1);(0, 2, -2): 41.18% (7 / 17)
(2, 0, -2): 41.18% (7 / 17)
(0, 2, -2);(-1, 2, -1): 41.18% (7 / 17)
(-2, 2, 0): 37.50% (6 / 16)
(-1, -1, 2): 33.33% (5 / 15)
(0, 0, 0);(1, -1, 0): 33.33% (5 / 15)
(0, 0, 0);(0, 1, -1): 33.33% (5 / 15)
(0, 2, -2);(0, 1, -1): 33.33% (5 / 15)
(1, -2, 1): 30.77% (4 / 13)
(-1, 1, 0);(-1, 2, -1): 25.00% (3 / 12)
(-1, 2, -1);(-1, 1, 0): 25.00% (3 / 12)
(1, 1, -2);(0, 2, -2): 18.18% (2 / 11)
(0, 2, -2);(1, 1, -2): 18.18% (2 / 11)
  . . . 
 . O O . 
. . . . . 
 . . . . 
  . . . 
(1, 0, -1);(0, 1, -1)
924 15.0135669708
Maximum depth searched: 6
(0, -1, 1): 49.32% (36 / 73)
(1, 1, -2): 48.57% (34 / 70)
(-2, 2, 0): 46.97% (31 / 66)
(-1, 2, -1): 46.97% (31 / 66)
(2, 0, -2): 46.15% (30 / 65)
(1, -2, 1): 45.00% (27 / 60)
(2, -2, 0): 44.07% (26 / 59)
(2, -1, -1): 43.10% (25 / 58)
(1, -1, 0): 42.86% (24 / 56)
(0, -2, 2): 41.82% (23 / 55)
(-2, 0, 2): 41.51% (22 / 53)
(-1, -1, 2): 40.82% (20 / 49)
(0, 0, 0): 40.38% (21 / 52)
(0, 2, -2): 36.96% (17 / 46)
(-2, 1, 1): 33.33% (13 / 39)
(-1, 0, 1): 24.14% (7 / 29)
(-1, 1, 0): 21.43% (6 / 28)
  . . . 
 . O O . 
. . . . . 
 . . X . 
  . . . 
(0, -1, 1)
1040 15.0050289631
Maximum depth searched: 6
(-1, 0, 1);(0, -1, 1): 65.31% (64 / 98)
(-1, 0, 1);(-2, 1, 1): 64.95% (63 / 97)
(1, -